SF:lib\src\lockPageCountdown.dart
DA:18,0
DA:23,0
DA:26,1
DA:28,1
DA:29,0
DA:30,0
DA:31,0
DA:32,0
DA:33,0
DA:37,1
DA:38,1
DA:39,2
DA:40,1
DA:41,1
LF:14
LH:7
end_of_record
SF:lib\src\inAppEncryption.dart
DA:7,0
DA:8,0
DA:13,0
DA:14,0
DA:16,0
DA:17,0
DA:18,0
DA:20,0
DA:21,0
DA:23,0
DA:24,0
DA:25,0
DA:26,0
DA:27,0
DA:30,0
DA:31,0
DA:32,0
DA:33,0
DA:34,0
DA:35,0
LF:20
LH:0
end_of_record
SF:lib\src\inAppDecryption.dart
DA:7,0
DA:10,0
DA:11,0
DA:12,0
DA:14,0
DA:15,0
DA:17,0
DA:18,0
DA:19,0
DA:20,0
DA:21,0
LF:11
LH:0
end_of_record
SF:lib\src\biometricAuth.dart
DA:4,0
DA:18,0
DA:27,0
DA:31,0
DA:64,0
DA:67,0
DA:68,0
DA:70,0
DA:72,0
DA:78,0
DA:85,0
DA:93,0
DA:95,0
DA:97,0
DA:99,0
DA:105,0
LF:16
LH:0
end_of_record
SF:lib\src\userAuthMonitor.dart
DA:4,0
DA:19,0
DA:43,0
DA:51,0
DA:53,0
DA:57,0
DA:59,0
DA:60,0
DA:61,0
DA:62,0
DA:63,0
DA:64,0
DA:65,0
DA:66,0
DA:67,0
DA:68,0
DA:71,0
DA:72,0
DA:73,0
DA:74,0
DA:77,0
DA:79,0
LF:22
LH:0
end_of_record
